#! /usr/bin/vvp
:ivl_version "11.0 (stable)";
:ivl_delay_selection "TYPICAL";
:vpi_time_precision + 0;
:vpi_module "/usr/lib/x86_64-linux-gnu/ivl/system.vpi";
:vpi_module "/usr/lib/x86_64-linux-gnu/ivl/vhdl_sys.vpi";
:vpi_module "/usr/lib/x86_64-linux-gnu/ivl/vhdl_textio.vpi";
:vpi_module "/usr/lib/x86_64-linux-gnu/ivl/v2005_math.vpi";
:vpi_module "/usr/lib/x86_64-linux-gnu/ivl/va_math.vpi";
S_0x5633d21b3dc0 .scope module, "universal_register" "universal_register" 2 1;
 .timescale 0 0;
    .port_info 0 /INPUT 4 "data_input";
    .port_info 1 /INPUT 2 "Sel";
    .port_info 2 /INPUT 1 "clock";
    .port_info 3 /INPUT 1 "left_in";
    .port_info 4 /INPUT 1 "right_in";
    .port_info 5 /OUTPUT 4 "data_output";
o0x7fe1d3f9f018 .functor BUFZ 2, C4<zz>; HiZ drive
v0x5633d21b3f70_0 .net "Sel", 1 0, o0x7fe1d3f9f018;  0 drivers
o0x7fe1d3f9f048 .functor BUFZ 1, C4<z>; HiZ drive
v0x5633d21fdb70_0 .net "clock", 0 0, o0x7fe1d3f9f048;  0 drivers
o0x7fe1d3f9f078 .functor BUFZ 4, C4<zzzz>; HiZ drive
v0x5633d21fdc30_0 .net "data_input", 3 0, o0x7fe1d3f9f078;  0 drivers
v0x5633d21fdcf0_0 .var "data_output", 3 0;
o0x7fe1d3f9f0d8 .functor BUFZ 1, C4<z>; HiZ drive
v0x5633d21fddd0_0 .net "left_in", 0 0, o0x7fe1d3f9f0d8;  0 drivers
v0x5633d21fdee0_0 .var "reg_data", 3 0;
o0x7fe1d3f9f138 .functor BUFZ 1, C4<z>; HiZ drive
v0x5633d21fdfc0_0 .net "right_in", 0 0, o0x7fe1d3f9f138;  0 drivers
E_0x5633d21ed570 .event posedge, v0x5633d21fdb70_0;
    .scope S_0x5633d21b3dc0;
T_0 ;
    %wait E_0x5633d21ed570;
    %load/vec4 v0x5633d21b3f70_0;
    %dup/vec4;
    %pushi/vec4 0, 0, 2;
    %cmp/u;
    %jmp/1 T_0.0, 6;
    %dup/vec4;
    %pushi/vec4 1, 0, 2;
    %cmp/u;
    %jmp/1 T_0.1, 6;
    %dup/vec4;
    %pushi/vec4 2, 0, 2;
    %cmp/u;
    %jmp/1 T_0.2, 6;
    %dup/vec4;
    %pushi/vec4 3, 0, 2;
    %cmp/u;
    %jmp/1 T_0.3, 6;
    %jmp T_0.4;
T_0.0 ;
    %load/vec4 v0x5633d21fdc30_0;
    %assign/vec4 v0x5633d21fdee0_0, 0;
    %jmp T_0.4;
T_0.1 ;
    %load/vec4 v0x5633d21fdee0_0;
    %parti/s 3, 0, 2;
    %load/vec4 v0x5633d21fddd0_0;
    %concat/vec4; draw_concat_vec4
    %assign/vec4 v0x5633d21fdee0_0, 0;
    %jmp T_0.4;
T_0.2 ;
    %load/vec4 v0x5633d21fdfc0_0;
    %load/vec4 v0x5633d21fdee0_0;
    %parti/s 3, 1, 2;
    %concat/vec4; draw_concat_vec4
    %assign/vec4 v0x5633d21fdee0_0, 0;
    %jmp T_0.4;
T_0.3 ;
    %load/vec4 v0x5633d21fdee0_0;
    %assign/vec4 v0x5633d21fdee0_0, 0;
    %jmp T_0.4;
T_0.4 ;
    %pop/vec4 1;
    %jmp T_0;
    .thread T_0;
    .scope S_0x5633d21b3dc0;
T_1 ;
    %wait E_0x5633d21ed570;
    %load/vec4 v0x5633d21fdee0_0;
    %assign/vec4 v0x5633d21fdcf0_0, 0;
    %jmp T_1;
    .thread T_1;
# The file index is used to find the file name in the following table.
:file_names 3;
    "N/A";
    "<interactive>";
    "UR.v";
